<?xml version="1.0" encoding="UTF-8"?>
<!-- Generated by org.testng.reporters.JUnitReportReporter -->
<testsuite skipped="0" hostname="xpitax-11568" name="test.TestNG_Annoation" tests="1" failures="0" timestamp="30 May 2019 09:30:29 GMT" time="2.567" errors="0">
  <testcase name="gSearch" time="2.567" classname="test.TestNG_Annoation"/>
</testsuite> <!-- test.TestNG_Annoation -->
