<?xml version="1.0" encoding="UTF-8"?>
<!-- Generated by org.testng.reporters.JUnitReportReporter -->
<testsuite skipped="0" hostname="xpitax-11568" name="test.TextNGDemoExtentReport" tests="2" failures="0" timestamp="30 May 2019 08:19:14 GMT" time="1.464" errors="0">
  <testcase name="test1" time="1.460" classname="test.TextNGDemoExtentReport"/>
  <testcase name="test2" time="0.004" classname="test.TextNGDemoExtentReport"/>
</testsuite> <!-- test.TextNGDemoExtentReport -->
