<?xml version="1.0" encoding="UTF-8"?>
<!-- Generated by org.testng.reporters.JUnitReportReporter -->
<testsuite skipped="0" hostname="xpitax-11568" name="test.TestNG_Test1" tests="2" failures="0" timestamp="29 May 2019 12:50:38 GMT" time="4.514" errors="0">
  <testcase name="gSearch2" time="2.431" classname="test.TestNG_Test1"/>
  <testcase name="gSearch3" time="2.083" classname="test.TestNG_Test1"/>
</testsuite> <!-- test.TestNG_Test1 -->
